{"/home/robert/Development/democracy/democracy-development/bundestag.io/dip/src/DipAPI.ts": {"path":"/home/robert/Development/democracy/democracy-development/bundestag.io/dip/src/DipAPI.ts","all":false,"statementMap":{"0":{"start":{"line":1,"column":0},"end":{"line":1,"column":71}},"1":{"start":{"line":2,"column":0},"end":{"line":2,"column":80}},"2":{"start":{"line":3,"column":0},"end":{"line":3,"column":0}},"3":{"start":{"line":4,"column":0},"end":{"line":4,"column":0}},"4":{"start":{"line":5,"column":0},"end":{"line":5,"column":52}},"5":{"start":{"line":6,"column":0},"end":{"line":6,"column":48}},"6":{"start":{"line":7,"column":0},"end":{"line":7,"column":12}},"7":{"start":{"line":8,"column":0},"end":{"line":8,"column":26}},"8":{"start":{"line":9,"column":0},"end":{"line":9,"column":3}},"9":{"start":{"line":10,"column":0},"end":{"line":10,"column":0}},"10":{"start":{"line":11,"column":0},"end":{"line":11,"column":44}},"11":{"start":{"line":12,"column":0},"end":{"line":12,"column":79}},"12":{"start":{"line":13,"column":0},"end":{"line":13,"column":3}},"13":{"start":{"line":14,"column":0},"end":{"line":14,"column":0}},"14":{"start":{"line":15,"column":0},"end":{"line":15,"column":52}},"15":{"start":{"line":16,"column":0},"end":{"line":16,"column":53}},"16":{"start":{"line":17,"column":0},"end":{"line":17,"column":3}},"17":{"start":{"line":18,"column":0},"end":{"line":18,"column":0}},"18":{"start":{"line":19,"column":0},"end":{"line":19,"column":49}},"19":{"start":{"line":20,"column":0},"end":{"line":20,"column":60}},"20":{"start":{"line":21,"column":0},"end":{"line":21,"column":20}},"21":{"start":{"line":22,"column":0},"end":{"line":22,"column":3}},"22":{"start":{"line":23,"column":0},"end":{"line":23,"column":0}},"23":{"start":{"line":24,"column":0},"end":{"line":24,"column":103}},"24":{"start":{"line":25,"column":0},"end":{"line":25,"column":90}},"25":{"start":{"line":26,"column":0},"end":{"line":26,"column":29}},"26":{"start":{"line":27,"column":0},"end":{"line":27,"column":7}},"27":{"start":{"line":28,"column":0},"end":{"line":28,"column":29}},"28":{"start":{"line":29,"column":0},"end":{"line":29,"column":3}},"29":{"start":{"line":30,"column":0},"end":{"line":30,"column":0}},"30":{"start":{"line":31,"column":0},"end":{"line":31,"column":80}},"31":{"start":{"line":32,"column":0},"end":{"line":32,"column":83}},"32":{"start":{"line":33,"column":0},"end":{"line":33,"column":29}},"33":{"start":{"line":34,"column":0},"end":{"line":34,"column":70}},"34":{"start":{"line":35,"column":0},"end":{"line":35,"column":63}},"35":{"start":{"line":36,"column":0},"end":{"line":36,"column":3}},"36":{"start":{"line":37,"column":0},"end":{"line":37,"column":0}},"37":{"start":{"line":38,"column":0},"end":{"line":38,"column":90}},"38":{"start":{"line":39,"column":0},"end":{"line":39,"column":83}},"39":{"start":{"line":40,"column":0},"end":{"line":40,"column":29}},"40":{"start":{"line":41,"column":0},"end":{"line":41,"column":75}},"41":{"start":{"line":42,"column":0},"end":{"line":42,"column":68}},"42":{"start":{"line":43,"column":0},"end":{"line":43,"column":3}},"43":{"start":{"line":44,"column":0},"end":{"line":44,"column":1}}},"s":{"0":1,"1":1,"2":1,"3":1,"4":1,"5":1,"6":1,"7":1,"8":1,"9":1,"10":1,"11":3,"12":3,"13":1,"14":1,"15":1,"16":1,"17":1,"18":1,"19":0,"20":0,"21":0,"22":1,"23":1,"24":2,"25":2,"26":2,"27":2,"28":2,"29":1,"30":1,"31":1,"32":1,"33":1,"34":1,"35":1,"36":1,"37":1,"38":1,"39":1,"40":1,"41":1,"42":1,"43":1},"branchMap":{"0":{"type":"branch","line":6,"loc":{"start":{"line":6,"column":2},"end":{"line":9,"column":3}},"locations":[{"start":{"line":6,"column":2},"end":{"line":9,"column":3}}]},"1":{"type":"branch","line":11,"loc":{"start":{"line":11,"column":2},"end":{"line":13,"column":3}},"locations":[{"start":{"line":11,"column":2},"end":{"line":13,"column":3}}]},"2":{"type":"branch","line":15,"loc":{"start":{"line":15,"column":2},"end":{"line":17,"column":3}},"locations":[{"start":{"line":15,"column":2},"end":{"line":17,"column":3}}]},"3":{"type":"branch","line":24,"loc":{"start":{"line":24,"column":16},"end":{"line":29,"column":3}},"locations":[{"start":{"line":24,"column":16},"end":{"line":29,"column":3}}]},"4":{"type":"branch","line":31,"loc":{"start":{"line":31,"column":8},"end":{"line":36,"column":3}},"locations":[{"start":{"line":31,"column":8},"end":{"line":36,"column":3}}]},"5":{"type":"branch","line":34,"loc":{"start":{"line":34,"column":12},"end":{"line":34,"column":69}},"locations":[{"start":{"line":34,"column":12},"end":{"line":34,"column":69}}]},"6":{"type":"branch","line":35,"loc":{"start":{"line":35,"column":9},"end":{"line":35,"column":62}},"locations":[{"start":{"line":35,"column":9},"end":{"line":35,"column":62}}]},"7":{"type":"branch","line":38,"loc":{"start":{"line":38,"column":8},"end":{"line":43,"column":3}},"locations":[{"start":{"line":38,"column":8},"end":{"line":43,"column":3}}]},"8":{"type":"branch","line":41,"loc":{"start":{"line":41,"column":12},"end":{"line":41,"column":74}},"locations":[{"start":{"line":41,"column":12},"end":{"line":41,"column":74}}]},"9":{"type":"branch","line":42,"loc":{"start":{"line":42,"column":9},"end":{"line":42,"column":67}},"locations":[{"start":{"line":42,"column":9},"end":{"line":42,"column":67}}]}},"b":{"0":[1],"1":[3],"2":[1],"3":[2],"4":[1],"5":[14],"6":[9],"7":[1],"8":[14],"9":[5]},"fnMap":{"0":{"name":"DipAPI","decl":{"start":{"line":6,"column":2},"end":{"line":9,"column":3}},"loc":{"start":{"line":6,"column":2},"end":{"line":9,"column":3}},"line":6},"1":{"name":"willSendRequest","decl":{"start":{"line":11,"column":2},"end":{"line":13,"column":3}},"loc":{"start":{"line":11,"column":2},"end":{"line":13,"column":3}},"line":11},"2":{"name":"getVorgang","decl":{"start":{"line":15,"column":2},"end":{"line":17,"column":3}},"loc":{"start":{"line":15,"column":2},"end":{"line":17,"column":3}},"line":15},"3":{"name":"getVorgaenge","decl":{"start":{"line":19,"column":8},"end":{"line":22,"column":3}},"loc":{"start":{"line":19,"column":8},"end":{"line":22,"column":3}},"line":19},"4":{"name":"getVorgangsVorgangspositionen","decl":{"start":{"line":24,"column":16},"end":{"line":29,"column":3}},"loc":{"start":{"line":24,"column":16},"end":{"line":29,"column":3}},"line":24},"5":{"name":"getVorgangsDrucksachen","decl":{"start":{"line":31,"column":8},"end":{"line":36,"column":3}},"loc":{"start":{"line":31,"column":8},"end":{"line":36,"column":3}},"line":31},"6":{"name":"getVorgangsPlenarProtokolle","decl":{"start":{"line":38,"column":8},"end":{"line":43,"column":3}},"loc":{"start":{"line":38,"column":8},"end":{"line":43,"column":3}},"line":38}},"f":{"0":1,"1":3,"2":1,"3":0,"4":2,"5":1,"6":1}}
,"/home/robert/Development/democracy/democracy-development/bundestag.io/dip/src/resolvers.ts": {"path":"/home/robert/Development/democracy/democracy-development/bundestag.io/dip/src/resolvers.ts","all":false,"statementMap":{"0":{"start":{"line":1,"column":0},"end":{"line":1,"column":29}},"1":{"start":{"line":2,"column":0},"end":{"line":2,"column":62}},"2":{"start":{"line":3,"column":0},"end":{"line":3,"column":0}},"3":{"start":{"line":4,"column":0},"end":{"line":4,"column":16}},"4":{"start":{"line":5,"column":0},"end":{"line":5,"column":11}},"5":{"start":{"line":6,"column":0},"end":{"line":6,"column":53}},"6":{"start":{"line":7,"column":0},"end":{"line":7,"column":56}},"7":{"start":{"line":8,"column":0},"end":{"line":8,"column":47}},"8":{"start":{"line":9,"column":0},"end":{"line":9,"column":76}},"9":{"start":{"line":10,"column":0},"end":{"line":10,"column":4}},"10":{"start":{"line":11,"column":0},"end":{"line":11,"column":13}},"11":{"start":{"line":12,"column":0},"end":{"line":12,"column":48}},"12":{"start":{"line":13,"column":0},"end":{"line":13,"column":51}},"13":{"start":{"line":14,"column":0},"end":{"line":14,"column":48}},"14":{"start":{"line":15,"column":0},"end":{"line":15,"column":41}},"15":{"start":{"line":16,"column":0},"end":{"line":16,"column":4}},"16":{"start":{"line":17,"column":0},"end":{"line":17,"column":14}},"17":{"start":{"line":18,"column":0},"end":{"line":18,"column":50}},"18":{"start":{"line":19,"column":0},"end":{"line":19,"column":72}},"19":{"start":{"line":20,"column":0},"end":{"line":20,"column":47}},"20":{"start":{"line":21,"column":0},"end":{"line":21,"column":44}},"21":{"start":{"line":22,"column":0},"end":{"line":22,"column":64}},"22":{"start":{"line":23,"column":0},"end":{"line":23,"column":54}},"23":{"start":{"line":24,"column":0},"end":{"line":24,"column":60}},"24":{"start":{"line":25,"column":0},"end":{"line":25,"column":46}},"25":{"start":{"line":26,"column":0},"end":{"line":26,"column":114}},"26":{"start":{"line":27,"column":0},"end":{"line":27,"column":59}},"27":{"start":{"line":28,"column":0},"end":{"line":28,"column":6}},"28":{"start":{"line":29,"column":0},"end":{"line":29,"column":125}},"29":{"start":{"line":30,"column":0},"end":{"line":30,"column":54}},"30":{"start":{"line":31,"column":0},"end":{"line":31,"column":6}},"31":{"start":{"line":32,"column":0},"end":{"line":32,"column":56}},"32":{"start":{"line":33,"column":0},"end":{"line":33,"column":4}},"33":{"start":{"line":34,"column":0},"end":{"line":34,"column":10}},"34":{"start":{"line":35,"column":0},"end":{"line":35,"column":123}},"35":{"start":{"line":36,"column":0},"end":{"line":36,"column":39}},"36":{"start":{"line":37,"column":0},"end":{"line":37,"column":6}},"37":{"start":{"line":38,"column":0},"end":{"line":38,"column":113}},"38":{"start":{"line":39,"column":0},"end":{"line":39,"column":34}},"39":{"start":{"line":40,"column":0},"end":{"line":40,"column":5}},"40":{"start":{"line":41,"column":0},"end":{"line":41,"column":3}},"41":{"start":{"line":42,"column":0},"end":{"line":42,"column":1}}},"s":{"0":1,"1":1,"2":1,"3":1,"4":1,"5":1,"6":1,"7":1,"8":1,"9":1,"10":1,"11":1,"12":1,"13":1,"14":1,"15":1,"16":1,"17":1,"18":1,"19":1,"20":1,"21":1,"22":1,"23":1,"24":1,"25":1,"26":1,"27":1,"28":1,"29":1,"30":1,"31":1,"32":1,"33":1,"34":1,"35":1,"36":1,"37":1,"38":0,"39":0,"40":1,"41":1},"branchMap":{"0":{"type":"branch","line":6,"loc":{"start":{"line":6,"column":11},"end":{"line":6,"column":52}},"locations":[{"start":{"line":6,"column":11},"end":{"line":6,"column":52}}]},"1":{"type":"branch","line":7,"loc":{"start":{"line":7,"column":11},"end":{"line":7,"column":55}},"locations":[{"start":{"line":7,"column":11},"end":{"line":7,"column":55}}]},"2":{"type":"branch","line":8,"loc":{"start":{"line":8,"column":9},"end":{"line":8,"column":46}},"locations":[{"start":{"line":8,"column":9},"end":{"line":8,"column":46}}]},"3":{"type":"branch","line":9,"loc":{"start":{"line":9,"column":10},"end":{"line":9,"column":75}},"locations":[{"start":{"line":9,"column":10},"end":{"line":9,"column":75}}]},"4":{"type":"branch","line":12,"loc":{"start":{"line":12,"column":11},"end":{"line":12,"column":47}},"locations":[{"start":{"line":12,"column":11},"end":{"line":12,"column":47}}]},"5":{"type":"branch","line":13,"loc":{"start":{"line":13,"column":11},"end":{"line":13,"column":50}},"locations":[{"start":{"line":13,"column":11},"end":{"line":13,"column":50}}]},"6":{"type":"branch","line":14,"loc":{"start":{"line":14,"column":9},"end":{"line":14,"column":47}},"locations":[{"start":{"line":14,"column":9},"end":{"line":14,"column":47}}]},"7":{"type":"branch","line":15,"loc":{"start":{"line":15,"column":8},"end":{"line":15,"column":40}},"locations":[{"start":{"line":15,"column":8},"end":{"line":15,"column":40}}]},"8":{"type":"branch","line":18,"loc":{"start":{"line":18,"column":17},"end":{"line":18,"column":49}},"locations":[{"start":{"line":18,"column":17},"end":{"line":18,"column":49}}]},"9":{"type":"branch","line":19,"loc":{"start":{"line":19,"column":10},"end":{"line":19,"column":72}},"locations":[{"start":{"line":19,"column":10},"end":{"line":19,"column":72}}]},"10":{"type":"branch","line":19,"loc":{"start":{"line":19,"column":51},"end":{"line":19,"column":53}},"locations":[{"start":{"line":19,"column":51},"end":{"line":19,"column":53}}]},"11":{"type":"branch","line":19,"loc":{"start":{"line":19,"column":57},"end":{"line":19,"column":70}},"locations":[{"start":{"line":19,"column":57},"end":{"line":19,"column":70}}]},"12":{"type":"branch","line":20,"loc":{"start":{"line":20,"column":11},"end":{"line":20,"column":46}},"locations":[{"start":{"line":20,"column":11},"end":{"line":20,"column":46}}]},"13":{"type":"branch","line":21,"loc":{"start":{"line":21,"column":10},"end":{"line":21,"column":43}},"locations":[{"start":{"line":21,"column":10},"end":{"line":21,"column":43}}]},"14":{"type":"branch","line":22,"loc":{"start":{"line":22,"column":19},"end":{"line":22,"column":63}},"locations":[{"start":{"line":22,"column":19},"end":{"line":22,"column":63}}]},"15":{"type":"branch","line":23,"loc":{"start":{"line":23,"column":12},"end":{"line":23,"column":53}},"locations":[{"start":{"line":23,"column":12},"end":{"line":23,"column":53}}]},"16":{"type":"branch","line":24,"loc":{"start":{"line":24,"column":19},"end":{"line":24,"column":59}},"locations":[{"start":{"line":24,"column":19},"end":{"line":24,"column":59}}]},"17":{"type":"branch","line":25,"loc":{"start":{"line":25,"column":10},"end":{"line":25,"column":45}},"locations":[{"start":{"line":25,"column":10},"end":{"line":25,"column":45}}]},"18":{"type":"branch","line":26,"loc":{"start":{"line":26,"column":13},"end":{"line":28,"column":5}},"locations":[{"start":{"line":26,"column":13},"end":{"line":28,"column":5}}]},"19":{"type":"branch","line":29,"loc":{"start":{"line":29,"column":24},"end":{"line":31,"column":5}},"locations":[{"start":{"line":29,"column":24},"end":{"line":31,"column":5}}]},"20":{"type":"branch","line":32,"loc":{"start":{"line":32,"column":21},"end":{"line":32,"column":56}},"locations":[{"start":{"line":32,"column":21},"end":{"line":32,"column":56}}]},"21":{"type":"branch","line":35,"loc":{"start":{"line":35,"column":15},"end":{"line":37,"column":5}},"locations":[{"start":{"line":35,"column":15},"end":{"line":37,"column":5}}]}},"b":{"0":[5],"1":[5],"2":[5],"3":[5],"4":[9],"5":[9],"6":[9],"7":[9],"8":[1],"9":[1],"10":[0],"11":[17],"12":[1],"13":[1],"14":[1],"15":[1],"16":[1],"17":[1],"18":[1],"19":[1],"20":[1],"21":[1]},"fnMap":{"0":{"name":"editor","decl":{"start":{"line":6,"column":11},"end":{"line":6,"column":52}},"loc":{"start":{"line":6,"column":11},"end":{"line":6,"column":52}},"line":6},"1":{"name":"number","decl":{"start":{"line":7,"column":11},"end":{"line":7,"column":55}},"loc":{"start":{"line":7,"column":11},"end":{"line":7,"column":55}},"line":7},"2":{"name":"link","decl":{"start":{"line":8,"column":9},"end":{"line":8,"column":46}},"loc":{"start":{"line":8,"column":9},"end":{"line":8,"column":46}},"line":8},"3":{"name":"pages","decl":{"start":{"line":9,"column":10},"end":{"line":9,"column":75}},"loc":{"start":{"line":9,"column":10},"end":{"line":9,"column":75}},"line":9},"4":{"name":"editor","decl":{"start":{"line":12,"column":11},"end":{"line":12,"column":47}},"loc":{"start":{"line":12,"column":11},"end":{"line":12,"column":47}},"line":12},"5":{"name":"number","decl":{"start":{"line":13,"column":11},"end":{"line":13,"column":50}},"loc":{"start":{"line":13,"column":11},"end":{"line":13,"column":50}},"line":13},"6":{"name":"type","decl":{"start":{"line":14,"column":9},"end":{"line":14,"column":47}},"loc":{"start":{"line":14,"column":9},"end":{"line":14,"column":47}},"line":14},"7":{"name":"url","decl":{"start":{"line":15,"column":8},"end":{"line":15,"column":40}},"loc":{"start":{"line":15,"column":8},"end":{"line":15,"column":40}},"line":15},"8":{"name":"procedureId","decl":{"start":{"line":18,"column":17},"end":{"line":18,"column":49}},"loc":{"start":{"line":18,"column":17},"end":{"line":18,"column":49}},"line":18},"9":{"name":"tags","decl":{"start":{"line":19,"column":10},"end":{"line":19,"column":72}},"loc":{"start":{"line":19,"column":10},"end":{"line":19,"column":72}},"line":19},"10":{"name":"title","decl":{"start":{"line":20,"column":11},"end":{"line":20,"column":46}},"loc":{"start":{"line":20,"column":11},"end":{"line":20,"column":46}},"line":20},"11":{"name":"type","decl":{"start":{"line":21,"column":10},"end":{"line":21,"column":43}},"loc":{"start":{"line":21,"column":10},"end":{"line":21,"column":43}},"line":21},"12":{"name":"currentStatus","decl":{"start":{"line":22,"column":19},"end":{"line":22,"column":63}},"loc":{"start":{"line":22,"column":19},"end":{"line":22,"column":63}},"line":22},"13":{"name":"period","decl":{"start":{"line":23,"column":12},"end":{"line":23,"column":53}},"loc":{"start":{"line":23,"column":12},"end":{"line":23,"column":53}},"line":23},"14":{"name":"subjectGroups","decl":{"start":{"line":24,"column":19},"end":{"line":24,"column":59}},"loc":{"start":{"line":24,"column":19},"end":{"line":24,"column":59}},"line":24},"15":{"name":"date","decl":{"start":{"line":25,"column":10},"end":{"line":25,"column":45}},"loc":{"start":{"line":25,"column":10},"end":{"line":25,"column":45}},"line":25},"16":{"name":"plenums","decl":{"start":{"line":26,"column":13},"end":{"line":28,"column":5}},"loc":{"start":{"line":26,"column":13},"end":{"line":28,"column":5}},"line":26},"17":{"name":"importantDocuments","decl":{"start":{"line":29,"column":24},"end":{"line":31,"column":5}},"loc":{"start":{"line":29,"column":24},"end":{"line":31,"column":5}},"line":29},"18":{"name":"gestOrderNumber","decl":{"start":{"line":32,"column":21},"end":{"line":32,"column":56}},"loc":{"start":{"line":32,"column":21},"end":{"line":32,"column":56}},"line":32},"19":{"name":"procedure","decl":{"start":{"line":35,"column":15},"end":{"line":37,"column":5}},"loc":{"start":{"line":35,"column":15},"end":{"line":37,"column":5}},"line":35},"20":{"name":"procedures","decl":{"start":{"line":38,"column":16},"end":{"line":40,"column":5}},"loc":{"start":{"line":38,"column":16},"end":{"line":40,"column":5}},"line":38}},"f":{"0":5,"1":5,"2":5,"3":5,"4":9,"5":9,"6":9,"7":9,"8":1,"9":1,"10":1,"11":1,"12":1,"13":1,"14":1,"15":1,"16":1,"17":1,"18":1,"19":1,"20":0}}
,"/home/robert/Development/democracy/democracy-development/bundestag.io/dip/src/schema.ts": {"path":"/home/robert/Development/democracy/democracy-development/bundestag.io/dip/src/schema.ts","all":false,"statementMap":{"0":{"start":{"line":1,"column":0},"end":{"line":1,"column":35}},"1":{"start":{"line":2,"column":0},"end":{"line":2,"column":19}},"2":{"start":{"line":3,"column":0},"end":{"line":3,"column":12}},"3":{"start":{"line":4,"column":0},"end":{"line":4,"column":50}},"4":{"start":{"line":5,"column":0},"end":{"line":5,"column":31}},"5":{"start":{"line":6,"column":0},"end":{"line":6,"column":1}},"6":{"start":{"line":7,"column":0},"end":{"line":7,"column":11}},"7":{"start":{"line":8,"column":0},"end":{"line":8,"column":0}},"8":{"start":{"line":9,"column":0},"end":{"line":9,"column":15}},"9":{"start":{"line":10,"column":0},"end":{"line":10,"column":16}},"10":{"start":{"line":11,"column":0},"end":{"line":11,"column":16}},"11":{"start":{"line":12,"column":0},"end":{"line":12,"column":14}},"12":{"start":{"line":13,"column":0},"end":{"line":13,"column":13}},"13":{"start":{"line":14,"column":0},"end":{"line":14,"column":1}},"14":{"start":{"line":15,"column":0},"end":{"line":15,"column":13}},"15":{"start":{"line":16,"column":0},"end":{"line":16,"column":16}},"16":{"start":{"line":17,"column":0},"end":{"line":17,"column":16}},"17":{"start":{"line":18,"column":0},"end":{"line":18,"column":14}},"18":{"start":{"line":19,"column":0},"end":{"line":19,"column":15}},"19":{"start":{"line":20,"column":0},"end":{"line":20,"column":1}},"20":{"start":{"line":21,"column":0},"end":{"line":21,"column":16}},"21":{"start":{"line":22,"column":0},"end":{"line":22,"column":18}},"22":{"start":{"line":23,"column":0},"end":{"line":23,"column":16}},"23":{"start":{"line":24,"column":0},"end":{"line":24,"column":18}},"24":{"start":{"line":25,"column":0},"end":{"line":25,"column":23}},"25":{"start":{"line":26,"column":0},"end":{"line":26,"column":14}},"26":{"start":{"line":27,"column":0},"end":{"line":27,"column":13}},"27":{"start":{"line":28,"column":0},"end":{"line":28,"column":22}},"28":{"start":{"line":29,"column":0},"end":{"line":29,"column":12}},"29":{"start":{"line":30,"column":0},"end":{"line":30,"column":25}},"30":{"start":{"line":31,"column":0},"end":{"line":31,"column":16}},"31":{"start":{"line":32,"column":0},"end":{"line":32,"column":32}},"32":{"start":{"line":33,"column":0},"end":{"line":33,"column":19}},"33":{"start":{"line":34,"column":0},"end":{"line":34,"column":25}},"34":{"start":{"line":35,"column":0},"end":{"line":35,"column":1}},"35":{"start":{"line":36,"column":0},"end":{"line":36,"column":1}}},"s":{"0":1,"1":1,"2":1,"3":1,"4":1,"5":1,"6":1,"7":1,"8":1,"9":1,"10":1,"11":1,"12":1,"13":1,"14":1,"15":1,"16":1,"17":1,"18":1,"19":1,"20":1,"21":1,"22":1,"23":1,"24":1,"25":1,"26":1,"27":1,"28":1,"29":1,"30":1,"31":1,"32":1,"33":1,"34":1,"35":1},"branchMap":{},"b":{},"fnMap":{},"f":{}}
,"/home/robert/Development/democracy/democracy-development/bundestag.io/dip/src/server.ts": {"path":"/home/robert/Development/democracy/democracy-development/bundestag.io/dip/src/server.ts","all":false,"statementMap":{"0":{"start":{"line":1,"column":0},"end":{"line":1,"column":29}},"1":{"start":{"line":2,"column":0},"end":{"line":2,"column":52}},"2":{"start":{"line":3,"column":0},"end":{"line":3,"column":29}},"3":{"start":{"line":4,"column":0},"end":{"line":4,"column":32}},"4":{"start":{"line":5,"column":0},"end":{"line":5,"column":35}},"5":{"start":{"line":6,"column":0},"end":{"line":6,"column":0}},"6":{"start":{"line":7,"column":0},"end":{"line":7,"column":122}},"7":{"start":{"line":8,"column":0},"end":{"line":8,"column":35}},"8":{"start":{"line":9,"column":0},"end":{"line":9,"column":13}},"9":{"start":{"line":10,"column":0},"end":{"line":10,"column":14}},"10":{"start":{"line":11,"column":0},"end":{"line":11,"column":78}},"11":{"start":{"line":12,"column":0},"end":{"line":12,"column":37}},"12":{"start":{"line":13,"column":0},"end":{"line":13,"column":5}},"13":{"start":{"line":14,"column":0},"end":{"line":14,"column":24}},"14":{"start":{"line":15,"column":0},"end":{"line":15,"column":44}},"15":{"start":{"line":16,"column":0},"end":{"line":16,"column":24}},"16":{"start":{"line":17,"column":0},"end":{"line":17,"column":1}}},"s":{"0":1,"1":1,"2":1,"3":1,"4":1,"5":1,"6":1,"7":1,"8":1,"9":1,"10":1,"11":1,"12":1,"13":1,"14":1,"15":1,"16":1},"branchMap":{"0":{"type":"branch","line":7,"loc":{"start":{"line":7,"column":0},"end":{"line":17,"column":1}},"locations":[{"start":{"line":7,"column":0},"end":{"line":17,"column":1}}]},"1":{"type":"branch","line":11,"loc":{"start":{"line":11,"column":17},"end":{"line":11,"column":77}},"locations":[{"start":{"line":11,"column":17},"end":{"line":11,"column":77}}]},"2":{"type":"branch","line":12,"loc":{"start":{"line":12,"column":13},"end":{"line":12,"column":36}},"locations":[{"start":{"line":12,"column":13},"end":{"line":12,"column":36}}]}},"b":{"0":[1],"1":[1],"2":[1]},"fnMap":{"0":{"name":"createServer","decl":{"start":{"line":7,"column":0},"end":{"line":17,"column":1}},"loc":{"start":{"line":7,"column":0},"end":{"line":17,"column":1}},"line":7},"1":{"name":"dataSources","decl":{"start":{"line":11,"column":17},"end":{"line":11,"column":77}},"loc":{"start":{"line":11,"column":17},"end":{"line":11,"column":77}},"line":11},"2":{"name":"context","decl":{"start":{"line":12,"column":13},"end":{"line":12,"column":36}},"loc":{"start":{"line":12,"column":13},"end":{"line":12,"column":36}},"line":12}},"f":{"0":1,"1":1,"2":1}}
}
