TN:
SF:src/DipAPI.ts
FN:6,DipAPI
FN:11,willSendRequest
FN:15,getVorgang
FN:19,getVorgaenge
FN:24,getVorgangsVorgangspositionen
FN:31,getVorgangsDrucksachen
FN:38,getVorgangsPlenarProtokolle
FNF:7
FNH:6
FNDA:1,DipAPI
FNDA:3,willSendRequest
FNDA:1,getVorgang
FNDA:0,getVorgaenge
FNDA:2,getVorgangsVorgangspositionen
FNDA:1,getVorgangsDrucksachen
FNDA:1,getVorgangsPlenarProtokolle
DA:1,1
DA:2,1
DA:3,1
DA:4,1
DA:5,1
DA:6,1
DA:7,1
DA:8,1
DA:9,1
DA:10,1
DA:11,1
DA:12,3
DA:13,3
DA:14,1
DA:15,1
DA:16,1
DA:17,1
DA:18,1
DA:19,1
DA:20,0
DA:21,0
DA:22,0
DA:23,1
DA:24,1
DA:25,2
DA:26,2
DA:27,2
DA:28,2
DA:29,2
DA:30,1
DA:31,1
DA:32,1
DA:33,1
DA:34,1
DA:35,1
DA:36,1
DA:37,1
DA:38,1
DA:39,1
DA:40,1
DA:41,1
DA:42,1
DA:43,1
DA:44,1
LF:44
LH:41
BRDA:6,0,0,1
BRDA:11,1,0,3
BRDA:15,2,0,1
BRDA:24,3,0,2
BRDA:31,4,0,1
BRDA:34,5,0,14
BRDA:35,6,0,9
BRDA:38,7,0,1
BRDA:41,8,0,14
BRDA:42,9,0,5
BRF:10
BRH:10
end_of_record
TN:
SF:src/resolvers.ts
FN:6,editor
FN:7,number
FN:8,link
FN:9,pages
FN:12,editor
FN:13,number
FN:14,type
FN:15,url
FN:18,procedureId
FN:19,tags
FN:20,title
FN:21,type
FN:22,currentStatus
FN:23,period
FN:24,subjectGroups
FN:25,date
FN:26,plenums
FN:29,importantDocuments
FN:32,gestOrderNumber
FN:35,procedure
FN:38,procedures
FNF:21
FNH:20
FNDA:5,editor
FNDA:5,number
FNDA:5,link
FNDA:5,pages
FNDA:9,editor
FNDA:9,number
FNDA:9,type
FNDA:9,url
FNDA:1,procedureId
FNDA:1,tags
FNDA:1,title
FNDA:1,type
FNDA:1,currentStatus
FNDA:1,period
FNDA:1,subjectGroups
FNDA:1,date
FNDA:1,plenums
FNDA:1,importantDocuments
FNDA:1,gestOrderNumber
FNDA:1,procedure
FNDA:0,procedures
DA:1,1
DA:2,1
DA:3,1
DA:4,1
DA:5,1
DA:6,1
DA:7,1
DA:8,1
DA:9,1
DA:10,1
DA:11,1
DA:12,1
DA:13,1
DA:14,1
DA:15,1
DA:16,1
DA:17,1
DA:18,1
DA:19,1
DA:20,1
DA:21,1
DA:22,1
DA:23,1
DA:24,1
DA:25,1
DA:26,1
DA:27,1
DA:28,1
DA:29,1
DA:30,1
DA:31,1
DA:32,1
DA:33,1
DA:34,1
DA:35,1
DA:36,1
DA:37,1
DA:38,1
DA:39,0
DA:40,0
DA:41,1
DA:42,1
LF:42
LH:40
BRDA:6,0,0,5
BRDA:7,1,0,5
BRDA:8,2,0,5
BRDA:9,3,0,5
BRDA:12,4,0,9
BRDA:13,5,0,9
BRDA:14,6,0,9
BRDA:15,7,0,9
BRDA:18,8,0,1
BRDA:19,9,0,1
BRDA:19,10,0,0
BRDA:19,11,0,17
BRDA:20,12,0,1
BRDA:21,13,0,1
BRDA:22,14,0,1
BRDA:23,15,0,1
BRDA:24,16,0,1
BRDA:25,17,0,1
BRDA:26,18,0,1
BRDA:29,19,0,1
BRDA:32,20,0,1
BRDA:35,21,0,1
BRF:22
BRH:21
end_of_record
TN:
SF:src/schema.ts
FNF:0
FNH:0
DA:1,1
DA:2,1
DA:3,1
DA:4,1
DA:5,1
DA:6,1
DA:7,1
DA:8,1
DA:9,1
DA:10,1
DA:11,1
DA:12,1
DA:13,1
DA:14,1
DA:15,1
DA:16,1
DA:17,1
DA:18,1
DA:19,1
DA:20,1
DA:21,1
DA:22,1
DA:23,1
DA:24,1
DA:25,1
DA:26,1
DA:27,1
DA:28,1
DA:29,1
DA:30,1
DA:31,1
DA:32,1
DA:33,1
DA:34,1
DA:35,1
DA:36,1
LF:36
LH:36
BRF:0
BRH:0
end_of_record
TN:
SF:src/server.ts
FN:7,createServer
FN:11,dataSources
FN:12,context
FNF:3
FNH:3
FNDA:1,createServer
FNDA:1,dataSources
FNDA:1,context
DA:1,1
DA:2,1
DA:3,1
DA:4,1
DA:5,1
DA:6,1
DA:7,1
DA:8,1
DA:9,1
DA:10,1
DA:11,1
DA:12,1
DA:13,1
DA:14,1
DA:15,1
DA:16,1
DA:17,1
LF:17
LH:17
BRDA:7,0,0,1
BRDA:11,1,0,1
BRDA:12,2,0,1
BRF:3
BRH:3
end_of_record
